<?xml version="1.0" encoding="UTF-8"?>
<testsuite name="br.com.juliogriebeler.urlshortener.service.TokenServiceTest" tests="3" skipped="0" failures="0" errors="0" timestamp="2019-11-12T04:18:32" hostname="JX-NOTE" time="0.986">
  <properties/>
  <testcase name="getSingleCharacter" classname="br.com.juliogriebeler.urlshortener.service.TokenServiceTest" time="0.953"/>
  <testcase name="createToken" classname="br.com.juliogriebeler.urlshortener.service.TokenServiceTest" time="0.017"/>
  <testcase name="getRandomNumberInRange" classname="br.com.juliogriebeler.urlshortener.service.TokenServiceTest" time="0.007"/>
  <system-out><![CDATA[02:18:21.653 [Test worker] DEBUG org.springframework.test.annotation.ProfileValueUtils - Retrieved @ProfileValueSourceConfiguration [null] for test class [br.com.juliogriebeler.urlshortener.service.TokenServiceTest]
02:18:21.653 [Test worker] DEBUG org.springframework.test.annotation.ProfileValueUtils - Retrieved ProfileValueSource type [class org.springframework.test.annotation.SystemProfileValueSource] for class [br.com.juliogriebeler.urlshortener.service.TokenServiceTest]
02:18:21.655 [Test worker] DEBUG org.springframework.test.annotation.ProfileValueUtils - Retrieved @ProfileValueSourceConfiguration [null] for test class [br.com.juliogriebeler.urlshortener.service.TokenServiceTest]
02:18:21.655 [Test worker] DEBUG org.springframework.test.annotation.ProfileValueUtils - Retrieved ProfileValueSource type [class org.springframework.test.annotation.SystemProfileValueSource] for class [br.com.juliogriebeler.urlshortener.service.TokenServiceTest]
02:18:21.673 [Test worker] DEBUG org.springframework.test.context.support.AbstractDirtiesContextTestExecutionListener - Before test class: context [DefaultTestContext@5adf87ef testClass = TokenServiceTest, testInstance = [null], testMethod = [null], testException = [null], mergedContextConfiguration = [WebMergedContextConfiguration@62f0c506 testClass = TokenServiceTest, locations = '{}', classes = '{class br.com.juliogriebeler.urlshortener.UrlShortenerApplication}', contextInitializerClasses = '[]', activeProfiles = '{}', propertySourceLocations = '{}', propertySourceProperties = '{org.springframework.boot.test.context.SpringBootTestContextBootstrapper=true}', contextCustomizers = set[org.springframework.boot.test.autoconfigure.properties.PropertyMappingContextCustomizer@0, org.springframework.boot.test.autoconfigure.web.servlet.WebDriverContextCustomizerFactory$Customizer@24a4968c, org.springframework.boot.test.context.filter.ExcludeFilterContextCustomizer@2b81dda7, org.springframework.boot.test.json.DuplicateJsonObjectContextCustomizerFactory$DuplicateJsonObjectContextCustomizer@431ebafc, org.springframework.boot.test.mock.mockito.MockitoContextCustomizer@0, org.springframework.boot.test.web.client.TestRestTemplateContextCustomizer@256f9eb0], resourceBasePath = 'src/main/webapp', contextLoader = 'org.springframework.boot.test.context.SpringBootContextLoader', parent = [null]], attributes = map['org.springframework.test.context.web.ServletTestExecutionListener.activateListener' -> true]], class annotated with @DirtiesContext [false] with mode [null].
02:18:21.683 [Test worker] DEBUG org.springframework.test.annotation.ProfileValueUtils - Retrieved @ProfileValueSourceConfiguration [null] for test class [br.com.juliogriebeler.urlshortener.service.TokenServiceTest]
02:18:21.687 [Test worker] DEBUG org.springframework.test.annotation.ProfileValueUtils - Retrieved ProfileValueSource type [class org.springframework.test.annotation.SystemProfileValueSource] for class [br.com.juliogriebeler.urlshortener.service.TokenServiceTest]
02:18:21.755 [Test worker] DEBUG org.springframework.test.context.support.TestPropertySourceUtils - Adding inlined properties to environment: {spring.jmx.enabled=false, org.springframework.boot.test.context.SpringBootTestContextBootstrapper=true, server.port=-1}

  .   ____          _            __ _ _
 /\\ / ___'_ __ _ _(_)_ __  __ _ \ \ \ \
( ( )\___ | '_ | '_| | '_ \/ _` | \ \ \ \
 \\/  ___)| |_)| | | | | || (_| |  ) ) ) )
  '  |____| .__|_| |_|_| |_\__, | / / / /
 =========|_|==============|___/=/_/_/_/
 :: Spring Boot ::        (v2.2.1.RELEASE)

2019-11-12 02:18:22.417  INFO 16044 --- [    Test worker] b.c.j.u.service.TokenServiceTest         : Starting TokenServiceTest on JX-NOTE with PID 16044 (started by Julio in D:\workspace\workspace_java\UrlShortenerApp)
2019-11-12 02:18:22.419  INFO 16044 --- [    Test worker] b.c.j.u.service.TokenServiceTest         : No active profile set, falling back to default profiles: default
2019-11-12 02:18:25.177  INFO 16044 --- [    Test worker] .s.d.r.c.RepositoryConfigurationDelegate : Bootstrapping Spring Data repositories in DEFAULT mode.
2019-11-12 02:18:25.306  INFO 16044 --- [    Test worker] .s.d.r.c.RepositoryConfigurationDelegate : Finished Spring Data repository scanning in 117ms. Found 1 repository interfaces.
2019-11-12 02:18:27.117  INFO 16044 --- [    Test worker] org.mongodb.driver.cluster               : Cluster created with settings {hosts=[localhost:27017], mode=SINGLE, requiredClusterType=UNKNOWN, serverSelectionTimeout='30000 ms', maxWaitQueueSize=500}
2019-11-12 02:18:27.302  INFO 16044 --- [localhost:27017] org.mongodb.driver.connection            : Opened connection [connectionId{localValue:1, serverValue:121}] to localhost:27017
2019-11-12 02:18:27.325  INFO 16044 --- [localhost:27017] org.mongodb.driver.cluster               : Monitor thread successfully connected to server with description ServerDescription{address=localhost:27017, type=STANDALONE, state=CONNECTED, ok=true, version=ServerVersion{versionList=[3, 6, 5]}, minWireVersion=0, maxWireVersion=6, maxDocumentSize=16777216, logicalSessionTimeoutMinutes=30, roundTripTimeNanos=6129300}
2019-11-12 02:18:27.481  WARN 16044 --- [    Test worker] o.s.data.convert.CustomConversions       : Registering converter from class java.time.LocalDateTime to class java.time.Instant as reading converter although it doesn't convert from a store-supported type! You might wanna check you annotation setup at the converter implementation.
2019-11-12 02:18:27.482  WARN 16044 --- [    Test worker] o.s.data.convert.CustomConversions       : Registering converter from class java.time.Instant to class java.time.LocalDateTime as reading converter although it doesn't convert from a store-supported type! You might wanna check you annotation setup at the converter implementation.
2019-11-12 02:18:27.752  WARN 16044 --- [    Test worker] o.s.data.convert.CustomConversions       : Registering converter from class java.time.LocalDateTime to class java.time.Instant as reading converter although it doesn't convert from a store-supported type! You might wanna check you annotation setup at the converter implementation.
2019-11-12 02:18:27.752  WARN 16044 --- [    Test worker] o.s.data.convert.CustomConversions       : Registering converter from class java.time.Instant to class java.time.LocalDateTime as reading converter although it doesn't convert from a store-supported type! You might wanna check you annotation setup at the converter implementation.
2019-11-12 02:18:29.500  INFO 16044 --- [    Test worker] o.s.b.a.e.web.EndpointLinksResolver      : Exposing 2 endpoint(s) beneath base path '/actuator'
2019-11-12 02:18:29.870  INFO 16044 --- [    Test worker] pertySourcedRequestMappingHandlerMapping : Mapped URL path [/v2/api-docs] onto method [springfox.documentation.swagger2.web.Swagger2Controller#getDocumentation(String, HttpServletRequest)]
2019-11-12 02:18:31.662  INFO 16044 --- [    Test worker] d.s.w.p.DocumentationPluginsBootstrapper : Context refreshed
2019-11-12 02:18:31.716  INFO 16044 --- [    Test worker] d.s.w.p.DocumentationPluginsBootstrapper : Found 1 custom documentation plugin(s)
2019-11-12 02:18:31.774  INFO 16044 --- [    Test worker] s.d.s.w.s.ApiListingReferenceScanner     : Scanning for api listing references
2019-11-12 02:18:32.101  INFO 16044 --- [    Test worker] b.c.j.u.service.TokenServiceTest         : Started TokenServiceTest in 10.326 seconds (JVM running for 13.948)
G9951A32zg]]></system-out>
  <system-err><![CDATA[]]></system-err>
</testsuite>
